c:\neumont\c++\gameengine\x64\debug\engine.pdb
c:\neumont\c++\gameengine\x64\debug\engine.idb
c:\neumont\c++\gameengine\engine\x64\debug\text.obj
c:\neumont\c++\gameengine\engine\x64\debug\scene.obj
c:\neumont\c++\gameengine\engine\x64\debug\renderer.obj
c:\neumont\c++\gameengine\engine\x64\debug\particle.obj
c:\neumont\c++\gameengine\engine\x64\debug\model.obj
c:\neumont\c++\gameengine\engine\x64\debug\input.obj
c:\neumont\c++\gameengine\engine\x64\debug\font.obj
c:\neumont\c++\gameengine\engine\x64\debug\etime.obj
c:\neumont\c++\gameengine\engine\x64\debug\engine.obj
c:\neumont\c++\gameengine\engine\x64\debug\audio.obj
c:\neumont\c++\gameengine\engine\x64\debug\actor.obj
c:\neumont\c++\gameengine\x64\debug\engine.lib
c:\neumont\c++\gameengine\engine\x64\debug\engine.tlog\cl.command.1.tlog
c:\neumont\c++\gameengine\engine\x64\debug\engine.tlog\cl.items.tlog
c:\neumont\c++\gameengine\engine\x64\debug\engine.tlog\cl.read.1.tlog
c:\neumont\c++\gameengine\engine\x64\debug\engine.tlog\cl.write.1.tlog
c:\neumont\c++\gameengine\engine\x64\debug\engine.tlog\lib-link.read.1.tlog
c:\neumont\c++\gameengine\engine\x64\debug\engine.tlog\lib-link.write.1.tlog
c:\neumont\c++\gameengine\engine\x64\debug\engine.tlog\lib.command.1.tlog
