c:\neumont\c++\gameengine\gameengine\x64\debug\vc143.pdb
c:\neumont\c++\gameengine\gameengine\x64\debug\vc143.idb
c:\neumont\c++\gameengine\gameengine\x64\debug\main.obj
c:\neumont\c++\gameengine\x64\debug\game.pdb
c:\neumont\c++\gameengine\gameengine\x64\debug\game.tlog\cl.command.1.tlog
c:\neumont\c++\gameengine\gameengine\x64\debug\game.tlog\cl.items.tlog
c:\neumont\c++\gameengine\gameengine\x64\debug\game.tlog\cl.read.1.tlog
c:\neumont\c++\gameengine\gameengine\x64\debug\game.tlog\cl.write.1.tlog
c:\neumont\c++\gameengine\gameengine\x64\debug\game.tlog\link-cvtres.read.1.tlog
c:\neumont\c++\gameengine\gameengine\x64\debug\game.tlog\link-cvtres.write.1.tlog
c:\neumont\c++\gameengine\gameengine\x64\debug\game.tlog\link-rc.read.1.tlog
c:\neumont\c++\gameengine\gameengine\x64\debug\game.tlog\link-rc.write.1.tlog
c:\neumont\c++\gameengine\gameengine\x64\debug\game.tlog\link.34520-cvtres.read.1.tlog
c:\neumont\c++\gameengine\gameengine\x64\debug\game.tlog\link.34520-cvtres.write.1.tlog
c:\neumont\c++\gameengine\gameengine\x64\debug\game.tlog\link.34520-rc.read.1.tlog
c:\neumont\c++\gameengine\gameengine\x64\debug\game.tlog\link.34520-rc.write.1.tlog
c:\neumont\c++\gameengine\gameengine\x64\debug\game.tlog\link.34520.read.1.tlog
c:\neumont\c++\gameengine\gameengine\x64\debug\game.tlog\link.34520.read.2.tlog
c:\neumont\c++\gameengine\gameengine\x64\debug\game.tlog\link.34520.read.3.tlog
c:\neumont\c++\gameengine\gameengine\x64\debug\game.tlog\link.34520.read.4.tlog
c:\neumont\c++\gameengine\gameengine\x64\debug\game.tlog\link.34520.write.1.tlog
c:\neumont\c++\gameengine\gameengine\x64\debug\game.tlog\link.command.1.tlog
c:\neumont\c++\gameengine\gameengine\x64\debug\game.tlog\link.read.1.tlog
c:\neumont\c++\gameengine\gameengine\x64\debug\game.tlog\link.read.2.tlog
c:\neumont\c++\gameengine\gameengine\x64\debug\game.tlog\link.read.3.tlog
c:\neumont\c++\gameengine\gameengine\x64\debug\game.tlog\link.read.4.tlog
c:\neumont\c++\gameengine\gameengine\x64\debug\game.tlog\link.read.5.tlog
c:\neumont\c++\gameengine\gameengine\x64\debug\game.tlog\link.write.1.tlog
